<?xml version="1.0" encoding="UTF-8"?>
<!-- Generated by org.testng.reporters.JUnitReportReporter -->
<testsuite hostname="PARITOSHs-MacBook-Air.local" failures="0" tests="3" name="tests.testing1" time="0.010" errors="0" timestamp="07 Aug 2021 02:05:50 GMT" skipped="0">
  <testcase classname="tests.testing1" name="f" time="0.002"/>
  <testcase classname="tests.testing1" name="f" time="0.002"/>
  <testcase classname="tests.testing1" name="Test1" time="0.006"/>
</testsuite> <!-- tests.testing1 -->
