<?xml version="1.0" encoding="UTF-8"?>
<!-- Generated by org.testng.reporters.JUnitReportReporter -->
<testsuite hostname="PARITOSHs-MacBook-Air.local" failures="0" tests="1" name="tests.testing2" time="0.001" errors="0" timestamp="03 Aug 2021 19:44:05 GMT" skipped="0">
  <testcase classname="tests.testing2" name="f" time="0.001"/>
</testsuite> <!-- tests.testing2 -->
